<testsuites id="" name="" tests="2" failures="0" skipped="2" errors="0" time="239.469457">
<testsuite name="01-authentication-flow.spec.ts" timestamp="2025-09-21T10:41:48.721Z" hostname="chromium" tests="2" failures="0" skipped="2" time="238.809" errors="0">
<testcase name="Authentication Flow - Natural Language Testing › User can register and login successfully" classname="01-authentication-flow.spec.ts" time="238.809">
<skipped>
</skipped>
</testcase>
<testcase name="Authentication Flow - Natural Language Testing › User login fails with invalid credentials" classname="01-authentication-flow.spec.ts" time="0">
<skipped>
</skipped>
</testcase>
</testsuite>
</testsuites>